<?xml version="1.0" encoding="UTF-8"?>
<testng-results ignored="0" total="26" passed="26" failed="0" skipped="0">
  <reporter-output>
  </reporter-output>
  <suite started-at="2023-04-07T11:33:11 EDT" name="Default suite" finished-at="2023-04-07T11:34:25 EDT" duration-ms="74149">
    <groups>
      <group name="cucumber">
        <method signature="AbstractTestNGCucumberTests.runScenario(io.cucumber.testng.PickleWrapper,io.cucumber.testng.FeatureWrapper)[pri:0, instance:ds.algo.testrunner.DSAlgoTestRunner@2925bf5b]" name="runScenario" class="io.cucumber.testng.AbstractTestNGCucumberTests"/>
      </group> <!-- cucumber -->
    </groups>
    <test started-at="2023-04-07T11:33:11 EDT" name="Default test" finished-at="2023-04-07T11:34:25 EDT" duration-ms="74149">
      <class name="ds.algo.testrunner.DSAlgoTestRunner">
        <test-method is-config="true" signature="setUpClass(org.testng.ITestContext)[pri:0, instance:ds.algo.testrunner.DSAlgoTestRunner@2925bf5b]" started-at="2023-04-07T11:33:11 EDT" name="setUpClass" finished-at="2023-04-07T11:33:13 EDT" duration-ms="1532" status="PASS">
          <params>
            <param index="0">
              <value>
                <![CDATA[org.testng.TestRunner@40538370]]>
              </value>
            </param>
          </params>
          <reporter-output>
          </reporter-output>
        </test-method> <!-- setUpClass -->
        <test-method signature="runScenario(io.cucumber.testng.PickleWrapper,io.cucumber.testng.FeatureWrapper)[pri:0, instance:ds.algo.testrunner.DSAlgoTestRunner@2925bf5b]" started-at="2023-04-07T11:33:13 EDT" name="runScenario" description="Runs Cucumber Scenarios" data-provider="scenarios" finished-at="2023-04-07T11:33:27 EDT" duration-ms="14153" status="PASS">
          <params>
            <param index="0">
              <value>
                <![CDATA["User is able to launch the page successfully"]]>
              </value>
            </param>
            <param index="1">
              <value>
                <![CDATA["Homepage launch"]]>
              </value>
            </param>
          </params>
          <reporter-output>
          </reporter-output>
        </test-method> <!-- runScenario -->
        <test-method signature="runScenario(io.cucumber.testng.PickleWrapper,io.cucumber.testng.FeatureWrapper)[pri:0, instance:ds.algo.testrunner.DSAlgoTestRunner@2925bf5b]" started-at="2023-04-07T11:33:27 EDT" name="runScenario" description="Runs Cucumber Scenarios" data-provider="scenarios" finished-at="2023-04-07T11:33:27 EDT" duration-ms="515" status="PASS">
          <params>
            <param index="0">
              <value>
                <![CDATA["User gets error when click on Linked List section without sign-in"]]>
              </value>
            </param>
            <param index="1">
              <value>
                <![CDATA["Homepage launch"]]>
              </value>
            </param>
          </params>
          <reporter-output>
          </reporter-output>
        </test-method> <!-- runScenario -->
        <test-method signature="runScenario(io.cucumber.testng.PickleWrapper,io.cucumber.testng.FeatureWrapper)[pri:0, instance:ds.algo.testrunner.DSAlgoTestRunner@2925bf5b]" started-at="2023-04-07T11:33:27 EDT" name="runScenario" description="Runs Cucumber Scenarios" data-provider="scenarios" finished-at="2023-04-07T11:33:28 EDT" duration-ms="486" status="PASS">
          <params>
            <param index="0">
              <value>
                <![CDATA["User gets error when click on Tree section without sign-in"]]>
              </value>
            </param>
            <param index="1">
              <value>
                <![CDATA["Homepage launch"]]>
              </value>
            </param>
          </params>
          <reporter-output>
          </reporter-output>
        </test-method> <!-- runScenario -->
        <test-method signature="runScenario(io.cucumber.testng.PickleWrapper,io.cucumber.testng.FeatureWrapper)[pri:0, instance:ds.algo.testrunner.DSAlgoTestRunner@2925bf5b]" started-at="2023-04-07T11:33:28 EDT" name="runScenario" description="Runs Cucumber Scenarios" data-provider="scenarios" finished-at="2023-04-07T11:33:28 EDT" duration-ms="407" status="PASS">
          <params>
            <param index="0">
              <value>
                <![CDATA["User gets error when click on Graph section without sign-in"]]>
              </value>
            </param>
            <param index="1">
              <value>
                <![CDATA["Homepage launch"]]>
              </value>
            </param>
          </params>
          <reporter-output>
          </reporter-output>
        </test-method> <!-- runScenario -->
        <test-method signature="runScenario(io.cucumber.testng.PickleWrapper,io.cucumber.testng.FeatureWrapper)[pri:0, instance:ds.algo.testrunner.DSAlgoTestRunner@2925bf5b]" started-at="2023-04-07T11:33:28 EDT" name="runScenario" description="Runs Cucumber Scenarios" data-provider="scenarios" finished-at="2023-04-07T11:33:29 EDT" duration-ms="219" status="PASS">
          <params>
            <param index="0">
              <value>
                <![CDATA["User is able to navigate to Register page"]]>
              </value>
            </param>
            <param index="1">
              <value>
                <![CDATA["Homepage launch"]]>
              </value>
            </param>
          </params>
          <reporter-output>
          </reporter-output>
        </test-method> <!-- runScenario -->
        <test-method signature="runScenario(io.cucumber.testng.PickleWrapper,io.cucumber.testng.FeatureWrapper)[pri:0, instance:ds.algo.testrunner.DSAlgoTestRunner@2925bf5b]" started-at="2023-04-07T11:33:29 EDT" name="runScenario" description="Runs Cucumber Scenarios" data-provider="scenarios" finished-at="2023-04-07T11:33:31 EDT" duration-ms="2158" status="PASS">
          <params>
            <param index="0">
              <value>
                <![CDATA["Click Register button with empty fields"]]>
              </value>
            </param>
            <param index="1">
              <value>
                <![CDATA["User registration"]]>
              </value>
            </param>
          </params>
          <reporter-output>
          </reporter-output>
        </test-method> <!-- runScenario -->
        <test-method signature="runScenario(io.cucumber.testng.PickleWrapper,io.cucumber.testng.FeatureWrapper)[pri:0, instance:ds.algo.testrunner.DSAlgoTestRunner@2925bf5b]" started-at="2023-04-07T11:33:31 EDT" name="runScenario" description="Runs Cucumber Scenarios" data-provider="scenarios" finished-at="2023-04-07T11:33:33 EDT" duration-ms="2538" status="PASS">
          <params>
            <param index="0">
              <value>
                <![CDATA["Check Login functionality on the register page"]]>
              </value>
            </param>
            <param index="1">
              <value>
                <![CDATA["User registration"]]>
              </value>
            </param>
          </params>
          <reporter-output>
          </reporter-output>
        </test-method> <!-- runScenario -->
        <test-method signature="runScenario(io.cucumber.testng.PickleWrapper,io.cucumber.testng.FeatureWrapper)[pri:0, instance:ds.algo.testrunner.DSAlgoTestRunner@2925bf5b]" started-at="2023-04-07T11:33:33 EDT" name="runScenario" description="Runs Cucumber Scenarios" data-provider="scenarios" finished-at="2023-04-07T11:33:37 EDT" duration-ms="3651" status="PASS">
          <params>
            <param index="0">
              <value>
                <![CDATA["Register successfully with valid data"]]>
              </value>
            </param>
            <param index="1">
              <value>
                <![CDATA["User registration"]]>
              </value>
            </param>
          </params>
          <reporter-output>
          </reporter-output>
        </test-method> <!-- runScenario -->
        <test-method signature="runScenario(io.cucumber.testng.PickleWrapper,io.cucumber.testng.FeatureWrapper)[pri:0, instance:ds.algo.testrunner.DSAlgoTestRunner@2925bf5b]" started-at="2023-04-07T11:33:37 EDT" name="runScenario" description="Runs Cucumber Scenarios" data-provider="scenarios" finished-at="2023-04-07T11:33:37 EDT" duration-ms="571" status="PASS">
          <params>
            <param index="0">
              <value>
                <![CDATA["check sign out"]]>
              </value>
            </param>
            <param index="1">
              <value>
                <![CDATA["User registration"]]>
              </value>
            </param>
          </params>
          <reporter-output>
          </reporter-output>
        </test-method> <!-- runScenario -->
        <test-method signature="runScenario(io.cucumber.testng.PickleWrapper,io.cucumber.testng.FeatureWrapper)[pri:0, instance:ds.algo.testrunner.DSAlgoTestRunner@2925bf5b]" started-at="2023-04-07T11:33:37 EDT" name="runScenario" description="Runs Cucumber Scenarios" data-provider="scenarios" finished-at="2023-04-07T11:33:39 EDT" duration-ms="1491" status="PASS">
          <params>
            <param index="0">
              <value>
                <![CDATA["Sign in with invalid credentials"]]>
              </value>
            </param>
            <param index="1">
              <value>
                <![CDATA["User Login"]]>
              </value>
            </param>
          </params>
          <reporter-output>
          </reporter-output>
        </test-method> <!-- runScenario -->
        <test-method signature="runScenario(io.cucumber.testng.PickleWrapper,io.cucumber.testng.FeatureWrapper)[pri:0, instance:ds.algo.testrunner.DSAlgoTestRunner@2925bf5b]" started-at="2023-04-07T11:33:39 EDT" name="runScenario" description="Runs Cucumber Scenarios" data-provider="scenarios" finished-at="2023-04-07T11:33:40 EDT" duration-ms="1380" status="PASS">
          <params>
            <param index="0">
              <value>
                <![CDATA["Sign in with invalid credentials"]]>
              </value>
            </param>
            <param index="1">
              <value>
                <![CDATA["User Login"]]>
              </value>
            </param>
          </params>
          <reporter-output>
          </reporter-output>
        </test-method> <!-- runScenario -->
        <test-method signature="runScenario(io.cucumber.testng.PickleWrapper,io.cucumber.testng.FeatureWrapper)[pri:0, instance:ds.algo.testrunner.DSAlgoTestRunner@2925bf5b]" started-at="2023-04-07T11:33:40 EDT" name="runScenario" description="Runs Cucumber Scenarios" data-provider="scenarios" finished-at="2023-04-07T11:33:46 EDT" duration-ms="5804" status="PASS">
          <params>
            <param index="0">
              <value>
                <![CDATA["Check Invalid login with data table"]]>
              </value>
            </param>
            <param index="1">
              <value>
                <![CDATA["User Login"]]>
              </value>
            </param>
          </params>
          <reporter-output>
          </reporter-output>
        </test-method> <!-- runScenario -->
        <test-method signature="runScenario(io.cucumber.testng.PickleWrapper,io.cucumber.testng.FeatureWrapper)[pri:0, instance:ds.algo.testrunner.DSAlgoTestRunner@2925bf5b]" started-at="2023-04-07T11:33:46 EDT" name="runScenario" description="Runs Cucumber Scenarios" data-provider="scenarios" finished-at="2023-04-07T11:33:48 EDT" duration-ms="2223" status="PASS">
          <params>
            <param index="0">
              <value>
                <![CDATA["Sign In with valid credentials"]]>
              </value>
            </param>
            <param index="1">
              <value>
                <![CDATA["User Login"]]>
              </value>
            </param>
          </params>
          <reporter-output>
          </reporter-output>
        </test-method> <!-- runScenario -->
        <test-method signature="runScenario(io.cucumber.testng.PickleWrapper,io.cucumber.testng.FeatureWrapper)[pri:0, instance:ds.algo.testrunner.DSAlgoTestRunner@2925bf5b]" started-at="2023-04-07T11:33:48 EDT" name="runScenario" description="Runs Cucumber Scenarios" data-provider="scenarios" finished-at="2023-04-07T11:33:49 EDT" duration-ms="496" status="PASS">
          <params>
            <param index="0">
              <value>
                <![CDATA["Check the get started functionlity on DataStructure section"]]>
              </value>
            </param>
            <param index="1">
              <value>
                <![CDATA["DataStructure page"]]>
              </value>
            </param>
          </params>
          <reporter-output>
          </reporter-output>
        </test-method> <!-- runScenario -->
        <test-method signature="runScenario(io.cucumber.testng.PickleWrapper,io.cucumber.testng.FeatureWrapper)[pri:0, instance:ds.algo.testrunner.DSAlgoTestRunner@2925bf5b]" started-at="2023-04-07T11:33:49 EDT" name="runScenario" description="Runs Cucumber Scenarios" data-provider="scenarios" finished-at="2023-04-07T11:33:50 EDT" duration-ms="1000" status="PASS">
          <params>
            <param index="0">
              <value>
                <![CDATA["The user is able to navigate to Time Complexity page"]]>
              </value>
            </param>
            <param index="1">
              <value>
                <![CDATA["DataStructure page"]]>
              </value>
            </param>
          </params>
          <reporter-output>
          </reporter-output>
        </test-method> <!-- runScenario -->
        <test-method signature="runScenario(io.cucumber.testng.PickleWrapper,io.cucumber.testng.FeatureWrapper)[pri:0, instance:ds.algo.testrunner.DSAlgoTestRunner@2925bf5b]" started-at="2023-04-07T11:33:50 EDT" name="runScenario" description="Runs Cucumber Scenarios" data-provider="scenarios" finished-at="2023-04-07T11:33:54 EDT" duration-ms="4471" status="PASS">
          <params>
            <param index="0">
              <value>
                <![CDATA["The user is able run code in tryEditor with invalid data"]]>
              </value>
            </param>
            <param index="1">
              <value>
                <![CDATA["DataStructure page"]]>
              </value>
            </param>
          </params>
          <reporter-output>
          </reporter-output>
        </test-method> <!-- runScenario -->
        <test-method signature="runScenario(io.cucumber.testng.PickleWrapper,io.cucumber.testng.FeatureWrapper)[pri:0, instance:ds.algo.testrunner.DSAlgoTestRunner@2925bf5b]" started-at="2023-04-07T11:33:54 EDT" name="runScenario" description="Runs Cucumber Scenarios" data-provider="scenarios" finished-at="2023-04-07T11:33:56 EDT" duration-ms="1707" status="PASS">
          <params>
            <param index="0">
              <value>
                <![CDATA["The user is able run code in tryEditor for Time Complexity page"]]>
              </value>
            </param>
            <param index="1">
              <value>
                <![CDATA["DataStructure page"]]>
              </value>
            </param>
          </params>
          <reporter-output>
          </reporter-output>
        </test-method> <!-- runScenario -->
        <test-method signature="runScenario(io.cucumber.testng.PickleWrapper,io.cucumber.testng.FeatureWrapper)[pri:0, instance:ds.algo.testrunner.DSAlgoTestRunner@2925bf5b]" started-at="2023-04-07T11:33:56 EDT" name="runScenario" description="Runs Cucumber Scenarios" data-provider="scenarios" finished-at="2023-04-07T11:33:57 EDT" duration-ms="757" status="PASS">
          <params>
            <param index="0">
              <value>
                <![CDATA["User is navigated to Arrays page from home page"]]>
              </value>
            </param>
            <param index="1">
              <value>
                <![CDATA["To validate Array"]]>
              </value>
            </param>
          </params>
          <reporter-output>
          </reporter-output>
        </test-method> <!-- runScenario -->
        <test-method signature="runScenario(io.cucumber.testng.PickleWrapper,io.cucumber.testng.FeatureWrapper)[pri:0, instance:ds.algo.testrunner.DSAlgoTestRunner@2925bf5b]" started-at="2023-04-07T11:33:57 EDT" name="runScenario" description="Runs Cucumber Scenarios" data-provider="scenarios" finished-at="2023-04-07T11:34:01 EDT" duration-ms="3765" status="PASS">
          <params>
            <param index="0">
              <value>
                <![CDATA["User is navigated from arrays in python page to run on text editor with invalid python code"]]>
              </value>
            </param>
            <param index="1">
              <value>
                <![CDATA["To validate Array"]]>
              </value>
            </param>
          </params>
          <reporter-output>
          </reporter-output>
        </test-method> <!-- runScenario -->
        <test-method signature="runScenario(io.cucumber.testng.PickleWrapper,io.cucumber.testng.FeatureWrapper)[pri:0, instance:ds.algo.testrunner.DSAlgoTestRunner@2925bf5b]" started-at="2023-04-07T11:34:01 EDT" name="runScenario" description="Runs Cucumber Scenarios" data-provider="scenarios" finished-at="2023-04-07T11:34:03 EDT" duration-ms="2523" status="PASS">
          <params>
            <param index="0">
              <value>
                <![CDATA["User is navigated from arrays in python page to run on text editor"]]>
              </value>
            </param>
            <param index="1">
              <value>
                <![CDATA["To validate Array"]]>
              </value>
            </param>
          </params>
          <reporter-output>
          </reporter-output>
        </test-method> <!-- runScenario -->
        <test-method signature="runScenario(io.cucumber.testng.PickleWrapper,io.cucumber.testng.FeatureWrapper)[pri:0, instance:ds.algo.testrunner.DSAlgoTestRunner@2925bf5b]" started-at="2023-04-07T11:34:03 EDT" name="runScenario" description="Runs Cucumber Scenarios" data-provider="scenarios" finished-at="2023-04-07T11:34:07 EDT" duration-ms="4160" status="PASS">
          <params>
            <param index="0">
              <value>
                <![CDATA["User is navigated from arrays using list page to run on text editor"]]>
              </value>
            </param>
            <param index="1">
              <value>
                <![CDATA["To validate Array"]]>
              </value>
            </param>
          </params>
          <reporter-output>
          </reporter-output>
        </test-method> <!-- runScenario -->
        <test-method signature="runScenario(io.cucumber.testng.PickleWrapper,io.cucumber.testng.FeatureWrapper)[pri:0, instance:ds.algo.testrunner.DSAlgoTestRunner@2925bf5b]" started-at="2023-04-07T11:34:07 EDT" name="runScenario" description="Runs Cucumber Scenarios" data-provider="scenarios" finished-at="2023-04-07T11:34:10 EDT" duration-ms="2837" status="PASS">
          <params>
            <param index="0">
              <value>
                <![CDATA["User is navigated from arrays using list page to run on text editor"]]>
              </value>
            </param>
            <param index="1">
              <value>
                <![CDATA["To validate Array"]]>
              </value>
            </param>
          </params>
          <reporter-output>
          </reporter-output>
        </test-method> <!-- runScenario -->
        <test-method signature="runScenario(io.cucumber.testng.PickleWrapper,io.cucumber.testng.FeatureWrapper)[pri:0, instance:ds.algo.testrunner.DSAlgoTestRunner@2925bf5b]" started-at="2023-04-07T11:34:10 EDT" name="runScenario" description="Runs Cucumber Scenarios" data-provider="scenarios" finished-at="2023-04-07T11:34:15 EDT" duration-ms="4573" status="PASS">
          <params>
            <param index="0">
              <value>
                <![CDATA["User is navigated from Basic Operations in Lists page to run on text editor"]]>
              </value>
            </param>
            <param index="1">
              <value>
                <![CDATA["To validate Array"]]>
              </value>
            </param>
          </params>
          <reporter-output>
          </reporter-output>
        </test-method> <!-- runScenario -->
        <test-method signature="runScenario(io.cucumber.testng.PickleWrapper,io.cucumber.testng.FeatureWrapper)[pri:0, instance:ds.algo.testrunner.DSAlgoTestRunner@2925bf5b]" started-at="2023-04-07T11:34:15 EDT" name="runScenario" description="Runs Cucumber Scenarios" data-provider="scenarios" finished-at="2023-04-07T11:34:18 EDT" duration-ms="2907" status="PASS">
          <params>
            <param index="0">
              <value>
                <![CDATA["User is navigated from Basic Operations in Lists page to run on text editor"]]>
              </value>
            </param>
            <param index="1">
              <value>
                <![CDATA["To validate Array"]]>
              </value>
            </param>
          </params>
          <reporter-output>
          </reporter-output>
        </test-method> <!-- runScenario -->
        <test-method signature="runScenario(io.cucumber.testng.PickleWrapper,io.cucumber.testng.FeatureWrapper)[pri:0, instance:ds.algo.testrunner.DSAlgoTestRunner@2925bf5b]" started-at="2023-04-07T11:34:18 EDT" name="runScenario" description="Runs Cucumber Scenarios" data-provider="scenarios" finished-at="2023-04-07T11:34:22 EDT" duration-ms="4218" status="PASS">
          <params>
            <param index="0">
              <value>
                <![CDATA["User is navigated from Applications of Array page to run on text editor"]]>
              </value>
            </param>
            <param index="1">
              <value>
                <![CDATA["To validate Array"]]>
              </value>
            </param>
          </params>
          <reporter-output>
          </reporter-output>
        </test-method> <!-- runScenario -->
        <test-method signature="runScenario(io.cucumber.testng.PickleWrapper,io.cucumber.testng.FeatureWrapper)[pri:0, instance:ds.algo.testrunner.DSAlgoTestRunner@2925bf5b]" started-at="2023-04-07T11:34:22 EDT" name="runScenario" description="Runs Cucumber Scenarios" data-provider="scenarios" finished-at="2023-04-07T11:34:25 EDT" duration-ms="3331" status="PASS">
          <params>
            <param index="0">
              <value>
                <![CDATA["User is navigated from Applications of Array page to run on text editor"]]>
              </value>
            </param>
            <param index="1">
              <value>
                <![CDATA["To validate Array"]]>
              </value>
            </param>
          </params>
          <reporter-output>
          </reporter-output>
        </test-method> <!-- runScenario -->
        <test-method is-config="true" signature="tearDownClass()[pri:0, instance:ds.algo.testrunner.DSAlgoTestRunner@2925bf5b]" started-at="2023-04-07T11:34:25 EDT" name="tearDownClass" finished-at="2023-04-07T11:34:25 EDT" duration-ms="107" status="PASS">
          <reporter-output>
          </reporter-output>
        </test-method> <!-- tearDownClass -->
      </class> <!-- ds.algo.testrunner.DSAlgoTestRunner -->
    </test> <!-- Default test -->
  </suite> <!-- Default suite -->
</testng-results>
