<?xml version="1.0" encoding="UTF-8"?>
<testng-results ignored="0" total="73" passed="72" failed="1" skipped="0">
  <reporter-output>
  </reporter-output>
  <suite started-at="2023-04-12T18:01:37 EDT" name="Default suite" finished-at="2023-04-12T18:04:19 EDT" duration-ms="161276">
    <groups>
      <group name="cucumber">
        <method signature="AbstractTestNGCucumberTests.runScenario(io.cucumber.testng.PickleWrapper,io.cucumber.testng.FeatureWrapper)[pri:0, instance:ds.algo.testrunner.DSAlgoTestRunner@24959ca4]" name="runScenario" class="io.cucumber.testng.AbstractTestNGCucumberTests"/>
      </group> <!-- cucumber -->
    </groups>
    <test started-at="2023-04-12T18:01:37 EDT" name="Default test" finished-at="2023-04-12T18:04:19 EDT" duration-ms="161276">
      <class name="ds.algo.testrunner.DSAlgoTestRunner">
        <test-method is-config="true" signature="setUpClass(org.testng.ITestContext)[pri:0, instance:ds.algo.testrunner.DSAlgoTestRunner@24959ca4]" started-at="2023-04-12T18:01:38 EDT" name="setUpClass" finished-at="2023-04-12T18:01:39 EDT" duration-ms="1046" status="PASS">
          <params>
            <param index="0">
              <value>
                <![CDATA[org.testng.TestRunner@66227940]]>
              </value>
            </param>
          </params>
          <reporter-output>
          </reporter-output>
        </test-method> <!-- setUpClass -->
        <test-method signature="runScenario(io.cucumber.testng.PickleWrapper,io.cucumber.testng.FeatureWrapper)[pri:0, instance:ds.algo.testrunner.DSAlgoTestRunner@24959ca4]" started-at="2023-04-12T18:01:39 EDT" name="runScenario" description="Runs Cucumber Scenarios" data-provider="scenarios" finished-at="2023-04-12T18:01:45 EDT" duration-ms="6892" status="PASS">
          <params>
            <param index="0">
              <value>
                <![CDATA["User is able to launch the page successfully"]]>
              </value>
            </param>
            <param index="1">
              <value>
                <![CDATA["Homepage launch"]]>
              </value>
            </param>
          </params>
          <reporter-output>
          </reporter-output>
        </test-method> <!-- runScenario -->
        <test-method signature="runScenario(io.cucumber.testng.PickleWrapper,io.cucumber.testng.FeatureWrapper)[pri:0, instance:ds.algo.testrunner.DSAlgoTestRunner@24959ca4]" started-at="2023-04-12T18:01:46 EDT" name="runScenario" description="Runs Cucumber Scenarios" data-provider="scenarios" finished-at="2023-04-12T18:01:46 EDT" duration-ms="737" status="PASS">
          <params>
            <param index="0">
              <value>
                <![CDATA["User gets error when click on Linked List section without sign-in"]]>
              </value>
            </param>
            <param index="1">
              <value>
                <![CDATA["Homepage launch"]]>
              </value>
            </param>
          </params>
          <reporter-output>
          </reporter-output>
        </test-method> <!-- runScenario -->
        <test-method signature="runScenario(io.cucumber.testng.PickleWrapper,io.cucumber.testng.FeatureWrapper)[pri:0, instance:ds.algo.testrunner.DSAlgoTestRunner@24959ca4]" started-at="2023-04-12T18:01:46 EDT" name="runScenario" description="Runs Cucumber Scenarios" data-provider="scenarios" finished-at="2023-04-12T18:01:47 EDT" duration-ms="586" status="PASS">
          <params>
            <param index="0">
              <value>
                <![CDATA["User gets error when click on Stack section without sign-in"]]>
              </value>
            </param>
            <param index="1">
              <value>
                <![CDATA["Homepage launch"]]>
              </value>
            </param>
          </params>
          <reporter-output>
          </reporter-output>
        </test-method> <!-- runScenario -->
        <test-method signature="runScenario(io.cucumber.testng.PickleWrapper,io.cucumber.testng.FeatureWrapper)[pri:0, instance:ds.algo.testrunner.DSAlgoTestRunner@24959ca4]" started-at="2023-04-12T18:01:47 EDT" name="runScenario" description="Runs Cucumber Scenarios" data-provider="scenarios" finished-at="2023-04-12T18:01:48 EDT" duration-ms="611" status="PASS">
          <params>
            <param index="0">
              <value>
                <![CDATA["User gets error when click on Queue section without sign-in"]]>
              </value>
            </param>
            <param index="1">
              <value>
                <![CDATA["Homepage launch"]]>
              </value>
            </param>
          </params>
          <reporter-output>
          </reporter-output>
        </test-method> <!-- runScenario -->
        <test-method signature="runScenario(io.cucumber.testng.PickleWrapper,io.cucumber.testng.FeatureWrapper)[pri:0, instance:ds.algo.testrunner.DSAlgoTestRunner@24959ca4]" started-at="2023-04-12T18:01:48 EDT" name="runScenario" description="Runs Cucumber Scenarios" data-provider="scenarios" finished-at="2023-04-12T18:01:48 EDT" duration-ms="597" status="PASS">
          <params>
            <param index="0">
              <value>
                <![CDATA["User gets error when click on Tree section without sign-in"]]>
              </value>
            </param>
            <param index="1">
              <value>
                <![CDATA["Homepage launch"]]>
              </value>
            </param>
          </params>
          <reporter-output>
          </reporter-output>
        </test-method> <!-- runScenario -->
        <test-method signature="runScenario(io.cucumber.testng.PickleWrapper,io.cucumber.testng.FeatureWrapper)[pri:0, instance:ds.algo.testrunner.DSAlgoTestRunner@24959ca4]" started-at="2023-04-12T18:01:48 EDT" name="runScenario" description="Runs Cucumber Scenarios" data-provider="scenarios" finished-at="2023-04-12T18:01:49 EDT" duration-ms="597" status="PASS">
          <params>
            <param index="0">
              <value>
                <![CDATA["User gets error when click on Graph section without sign-in"]]>
              </value>
            </param>
            <param index="1">
              <value>
                <![CDATA["Homepage launch"]]>
              </value>
            </param>
          </params>
          <reporter-output>
          </reporter-output>
        </test-method> <!-- runScenario -->
        <test-method signature="runScenario(io.cucumber.testng.PickleWrapper,io.cucumber.testng.FeatureWrapper)[pri:0, instance:ds.algo.testrunner.DSAlgoTestRunner@24959ca4]" started-at="2023-04-12T18:01:49 EDT" name="runScenario" description="Runs Cucumber Scenarios" data-provider="scenarios" finished-at="2023-04-12T18:01:49 EDT" duration-ms="214" status="PASS">
          <params>
            <param index="0">
              <value>
                <![CDATA["User is able to navigate to Register page"]]>
              </value>
            </param>
            <param index="1">
              <value>
                <![CDATA["Homepage launch"]]>
              </value>
            </param>
          </params>
          <reporter-output>
          </reporter-output>
        </test-method> <!-- runScenario -->
        <test-method signature="runScenario(io.cucumber.testng.PickleWrapper,io.cucumber.testng.FeatureWrapper)[pri:0, instance:ds.algo.testrunner.DSAlgoTestRunner@24959ca4]" started-at="2023-04-12T18:01:49 EDT" name="runScenario" description="Runs Cucumber Scenarios" data-provider="scenarios" finished-at="2023-04-12T18:01:51 EDT" duration-ms="2292" status="PASS">
          <params>
            <param index="0">
              <value>
                <![CDATA["Click Register button with empty fields"]]>
              </value>
            </param>
            <param index="1">
              <value>
                <![CDATA["User registration"]]>
              </value>
            </param>
          </params>
          <reporter-output>
          </reporter-output>
        </test-method> <!-- runScenario -->
        <test-method signature="runScenario(io.cucumber.testng.PickleWrapper,io.cucumber.testng.FeatureWrapper)[pri:0, instance:ds.algo.testrunner.DSAlgoTestRunner@24959ca4]" started-at="2023-04-12T18:01:51 EDT" name="runScenario" description="Runs Cucumber Scenarios" data-provider="scenarios" finished-at="2023-04-12T18:01:54 EDT" duration-ms="2341" status="PASS">
          <params>
            <param index="0">
              <value>
                <![CDATA["Check Login functionality on the register page"]]>
              </value>
            </param>
            <param index="1">
              <value>
                <![CDATA["User registration"]]>
              </value>
            </param>
          </params>
          <reporter-output>
          </reporter-output>
        </test-method> <!-- runScenario -->
        <test-method signature="runScenario(io.cucumber.testng.PickleWrapper,io.cucumber.testng.FeatureWrapper)[pri:0, instance:ds.algo.testrunner.DSAlgoTestRunner@24959ca4]" started-at="2023-04-12T18:01:54 EDT" name="runScenario" description="Runs Cucumber Scenarios" data-provider="scenarios" finished-at="2023-04-12T18:01:56 EDT" duration-ms="2359" status="PASS">
          <params>
            <param index="0">
              <value>
                <![CDATA["Register successfully with valid data"]]>
              </value>
            </param>
            <param index="1">
              <value>
                <![CDATA["User registration"]]>
              </value>
            </param>
          </params>
          <reporter-output>
          </reporter-output>
        </test-method> <!-- runScenario -->
        <test-method signature="runScenario(io.cucumber.testng.PickleWrapper,io.cucumber.testng.FeatureWrapper)[pri:0, instance:ds.algo.testrunner.DSAlgoTestRunner@24959ca4]" started-at="2023-04-12T18:01:56 EDT" name="runScenario" description="Runs Cucumber Scenarios" data-provider="scenarios" finished-at="2023-04-12T18:01:56 EDT" duration-ms="294" status="PASS">
          <params>
            <param index="0">
              <value>
                <![CDATA["check sign out"]]>
              </value>
            </param>
            <param index="1">
              <value>
                <![CDATA["User registration"]]>
              </value>
            </param>
          </params>
          <reporter-output>
          </reporter-output>
        </test-method> <!-- runScenario -->
        <test-method signature="runScenario(io.cucumber.testng.PickleWrapper,io.cucumber.testng.FeatureWrapper)[pri:0, instance:ds.algo.testrunner.DSAlgoTestRunner@24959ca4]" started-at="2023-04-12T18:01:56 EDT" name="runScenario" description="Runs Cucumber Scenarios" data-provider="scenarios" finished-at="2023-04-12T18:01:58 EDT" duration-ms="1272" status="PASS">
          <params>
            <param index="0">
              <value>
                <![CDATA["Sign in with invalid credentials"]]>
              </value>
            </param>
            <param index="1">
              <value>
                <![CDATA["User Login"]]>
              </value>
            </param>
          </params>
          <reporter-output>
          </reporter-output>
        </test-method> <!-- runScenario -->
        <test-method signature="runScenario(io.cucumber.testng.PickleWrapper,io.cucumber.testng.FeatureWrapper)[pri:0, instance:ds.algo.testrunner.DSAlgoTestRunner@24959ca4]" started-at="2023-04-12T18:01:58 EDT" name="runScenario" description="Runs Cucumber Scenarios" data-provider="scenarios" finished-at="2023-04-12T18:01:59 EDT" duration-ms="1238" status="PASS">
          <params>
            <param index="0">
              <value>
                <![CDATA["Sign in with invalid credentials"]]>
              </value>
            </param>
            <param index="1">
              <value>
                <![CDATA["User Login"]]>
              </value>
            </param>
          </params>
          <reporter-output>
          </reporter-output>
        </test-method> <!-- runScenario -->
        <test-method signature="runScenario(io.cucumber.testng.PickleWrapper,io.cucumber.testng.FeatureWrapper)[pri:0, instance:ds.algo.testrunner.DSAlgoTestRunner@24959ca4]" started-at="2023-04-12T18:01:59 EDT" name="runScenario" description="Runs Cucumber Scenarios" data-provider="scenarios" finished-at="2023-04-12T18:02:04 EDT" duration-ms="4992" status="PASS">
          <params>
            <param index="0">
              <value>
                <![CDATA["Check Invalid login with data table"]]>
              </value>
            </param>
            <param index="1">
              <value>
                <![CDATA["User Login"]]>
              </value>
            </param>
          </params>
          <reporter-output>
          </reporter-output>
        </test-method> <!-- runScenario -->
        <test-method signature="runScenario(io.cucumber.testng.PickleWrapper,io.cucumber.testng.FeatureWrapper)[pri:0, instance:ds.algo.testrunner.DSAlgoTestRunner@24959ca4]" started-at="2023-04-12T18:02:04 EDT" name="runScenario" description="Runs Cucumber Scenarios" data-provider="scenarios" finished-at="2023-04-12T18:02:08 EDT" duration-ms="4332" status="PASS">
          <params>
            <param index="0">
              <value>
                <![CDATA["Check Invalid login with excelsheet data"]]>
              </value>
            </param>
            <param index="1">
              <value>
                <![CDATA["User Login"]]>
              </value>
            </param>
          </params>
          <reporter-output>
          </reporter-output>
        </test-method> <!-- runScenario -->
        <test-method signature="runScenario(io.cucumber.testng.PickleWrapper,io.cucumber.testng.FeatureWrapper)[pri:0, instance:ds.algo.testrunner.DSAlgoTestRunner@24959ca4]" started-at="2023-04-12T18:02:08 EDT" name="runScenario" description="Runs Cucumber Scenarios" data-provider="scenarios" finished-at="2023-04-12T18:02:09 EDT" duration-ms="1353" status="PASS">
          <params>
            <param index="0">
              <value>
                <![CDATA["Sign In with valid credentials"]]>
              </value>
            </param>
            <param index="1">
              <value>
                <![CDATA["User Login"]]>
              </value>
            </param>
          </params>
          <reporter-output>
          </reporter-output>
        </test-method> <!-- runScenario -->
        <test-method signature="runScenario(io.cucumber.testng.PickleWrapper,io.cucumber.testng.FeatureWrapper)[pri:0, instance:ds.algo.testrunner.DSAlgoTestRunner@24959ca4]" started-at="2023-04-12T18:02:09 EDT" name="runScenario" description="Runs Cucumber Scenarios" data-provider="scenarios" finished-at="2023-04-12T18:02:10 EDT" duration-ms="228" status="PASS">
          <params>
            <param index="0">
              <value>
                <![CDATA["Check the get started functionlity on DataStructure section"]]>
              </value>
            </param>
            <param index="1">
              <value>
                <![CDATA["DataStructure page"]]>
              </value>
            </param>
          </params>
          <reporter-output>
          </reporter-output>
        </test-method> <!-- runScenario -->
        <test-method signature="runScenario(io.cucumber.testng.PickleWrapper,io.cucumber.testng.FeatureWrapper)[pri:0, instance:ds.algo.testrunner.DSAlgoTestRunner@24959ca4]" started-at="2023-04-12T18:02:10 EDT" name="runScenario" description="Runs Cucumber Scenarios" data-provider="scenarios" finished-at="2023-04-12T18:02:10 EDT" duration-ms="167" status="PASS">
          <params>
            <param index="0">
              <value>
                <![CDATA["The user is able to navigate to Time Complexity page"]]>
              </value>
            </param>
            <param index="1">
              <value>
                <![CDATA["DataStructure page"]]>
              </value>
            </param>
          </params>
          <reporter-output>
          </reporter-output>
        </test-method> <!-- runScenario -->
        <test-method signature="runScenario(io.cucumber.testng.PickleWrapper,io.cucumber.testng.FeatureWrapper)[pri:0, instance:ds.algo.testrunner.DSAlgoTestRunner@24959ca4]" started-at="2023-04-12T18:02:10 EDT" name="runScenario" description="Runs Cucumber Scenarios" data-provider="scenarios" finished-at="2023-04-12T18:02:13 EDT" duration-ms="3224" status="PASS">
          <params>
            <param index="0">
              <value>
                <![CDATA["The user is able run code in tryEditor with invalid data"]]>
              </value>
            </param>
            <param index="1">
              <value>
                <![CDATA["DataStructure page"]]>
              </value>
            </param>
          </params>
          <reporter-output>
          </reporter-output>
        </test-method> <!-- runScenario -->
        <test-method signature="runScenario(io.cucumber.testng.PickleWrapper,io.cucumber.testng.FeatureWrapper)[pri:0, instance:ds.algo.testrunner.DSAlgoTestRunner@24959ca4]" started-at="2023-04-12T18:02:13 EDT" name="runScenario" description="Runs Cucumber Scenarios" data-provider="scenarios" finished-at="2023-04-12T18:02:15 EDT" duration-ms="1713" status="PASS">
          <params>
            <param index="0">
              <value>
                <![CDATA["The user is able run code in tryEditor for Time Complexity page"]]>
              </value>
            </param>
            <param index="1">
              <value>
                <![CDATA["DataStructure page"]]>
              </value>
            </param>
          </params>
          <reporter-output>
          </reporter-output>
        </test-method> <!-- runScenario -->
        <test-method signature="runScenario(io.cucumber.testng.PickleWrapper,io.cucumber.testng.FeatureWrapper)[pri:0, instance:ds.algo.testrunner.DSAlgoTestRunner@24959ca4]" started-at="2023-04-12T18:02:15 EDT" name="runScenario" description="Runs Cucumber Scenarios" data-provider="scenarios" finished-at="2023-04-12T18:02:15 EDT" duration-ms="507" status="PASS">
          <params>
            <param index="0">
              <value>
                <![CDATA["User is navigated to Arrays page from home page"]]>
              </value>
            </param>
            <param index="1">
              <value>
                <![CDATA["To validate Array"]]>
              </value>
            </param>
          </params>
          <reporter-output>
          </reporter-output>
        </test-method> <!-- runScenario -->
        <test-method signature="runScenario(io.cucumber.testng.PickleWrapper,io.cucumber.testng.FeatureWrapper)[pri:0, instance:ds.algo.testrunner.DSAlgoTestRunner@24959ca4]" started-at="2023-04-12T18:02:15 EDT" name="runScenario" description="Runs Cucumber Scenarios" data-provider="scenarios" finished-at="2023-04-12T18:02:19 EDT" duration-ms="4017" status="PASS">
          <params>
            <param index="0">
              <value>
                <![CDATA["User is navigated from arrays in python page to run on text editor with invalid python code"]]>
              </value>
            </param>
            <param index="1">
              <value>
                <![CDATA["To validate Array"]]>
              </value>
            </param>
          </params>
          <reporter-output>
          </reporter-output>
        </test-method> <!-- runScenario -->
        <test-method signature="runScenario(io.cucumber.testng.PickleWrapper,io.cucumber.testng.FeatureWrapper)[pri:0, instance:ds.algo.testrunner.DSAlgoTestRunner@24959ca4]" started-at="2023-04-12T18:02:19 EDT" name="runScenario" description="Runs Cucumber Scenarios" data-provider="scenarios" finished-at="2023-04-12T18:02:22 EDT" duration-ms="2660" status="PASS">
          <params>
            <param index="0">
              <value>
                <![CDATA["User is navigated from arrays in python page to run on text editor"]]>
              </value>
            </param>
            <param index="1">
              <value>
                <![CDATA["To validate Array"]]>
              </value>
            </param>
          </params>
          <reporter-output>
          </reporter-output>
        </test-method> <!-- runScenario -->
        <test-method signature="runScenario(io.cucumber.testng.PickleWrapper,io.cucumber.testng.FeatureWrapper)[pri:0, instance:ds.algo.testrunner.DSAlgoTestRunner@24959ca4]" started-at="2023-04-12T18:02:22 EDT" name="runScenario" description="Runs Cucumber Scenarios" data-provider="scenarios" finished-at="2023-04-12T18:02:26 EDT" duration-ms="4352" status="PASS">
          <params>
            <param index="0">
              <value>
                <![CDATA["User is navigated from arrays using list page to run on text editor"]]>
              </value>
            </param>
            <param index="1">
              <value>
                <![CDATA["To validate Array"]]>
              </value>
            </param>
          </params>
          <reporter-output>
          </reporter-output>
        </test-method> <!-- runScenario -->
        <test-method signature="runScenario(io.cucumber.testng.PickleWrapper,io.cucumber.testng.FeatureWrapper)[pri:0, instance:ds.algo.testrunner.DSAlgoTestRunner@24959ca4]" started-at="2023-04-12T18:02:26 EDT" name="runScenario" description="Runs Cucumber Scenarios" data-provider="scenarios" finished-at="2023-04-12T18:02:29 EDT" duration-ms="2806" status="PASS">
          <params>
            <param index="0">
              <value>
                <![CDATA["User is navigated from arrays using list page to run on text editor"]]>
              </value>
            </param>
            <param index="1">
              <value>
                <![CDATA["To validate Array"]]>
              </value>
            </param>
          </params>
          <reporter-output>
          </reporter-output>
        </test-method> <!-- runScenario -->
        <test-method signature="runScenario(io.cucumber.testng.PickleWrapper,io.cucumber.testng.FeatureWrapper)[pri:0, instance:ds.algo.testrunner.DSAlgoTestRunner@24959ca4]" started-at="2023-04-12T18:02:29 EDT" name="runScenario" description="Runs Cucumber Scenarios" data-provider="scenarios" finished-at="2023-04-12T18:02:33 EDT" duration-ms="4300" status="PASS">
          <params>
            <param index="0">
              <value>
                <![CDATA["User is navigated from Basic Operations in Lists page to run on text editor"]]>
              </value>
            </param>
            <param index="1">
              <value>
                <![CDATA["To validate Array"]]>
              </value>
            </param>
          </params>
          <reporter-output>
          </reporter-output>
        </test-method> <!-- runScenario -->
        <test-method signature="runScenario(io.cucumber.testng.PickleWrapper,io.cucumber.testng.FeatureWrapper)[pri:0, instance:ds.algo.testrunner.DSAlgoTestRunner@24959ca4]" started-at="2023-04-12T18:02:33 EDT" name="runScenario" description="Runs Cucumber Scenarios" data-provider="scenarios" finished-at="2023-04-12T18:02:36 EDT" duration-ms="2800" status="PASS">
          <params>
            <param index="0">
              <value>
                <![CDATA["User is navigated from Basic Operations in Lists page to run on text editor"]]>
              </value>
            </param>
            <param index="1">
              <value>
                <![CDATA["To validate Array"]]>
              </value>
            </param>
          </params>
          <reporter-output>
          </reporter-output>
        </test-method> <!-- runScenario -->
        <test-method signature="runScenario(io.cucumber.testng.PickleWrapper,io.cucumber.testng.FeatureWrapper)[pri:0, instance:ds.algo.testrunner.DSAlgoTestRunner@24959ca4]" started-at="2023-04-12T18:02:36 EDT" name="runScenario" description="Runs Cucumber Scenarios" data-provider="scenarios" finished-at="2023-04-12T18:02:41 EDT" duration-ms="4288" status="PASS">
          <params>
            <param index="0">
              <value>
                <![CDATA["User is navigated from Applications of Array page to run on text editor"]]>
              </value>
            </param>
            <param index="1">
              <value>
                <![CDATA["To validate Array"]]>
              </value>
            </param>
          </params>
          <reporter-output>
          </reporter-output>
        </test-method> <!-- runScenario -->
        <test-method signature="runScenario(io.cucumber.testng.PickleWrapper,io.cucumber.testng.FeatureWrapper)[pri:0, instance:ds.algo.testrunner.DSAlgoTestRunner@24959ca4]" started-at="2023-04-12T18:02:41 EDT" name="runScenario" description="Runs Cucumber Scenarios" data-provider="scenarios" finished-at="2023-04-12T18:02:44 EDT" duration-ms="3156" status="PASS">
          <params>
            <param index="0">
              <value>
                <![CDATA["User is navigated from Applications of Array page to run on text editor"]]>
              </value>
            </param>
            <param index="1">
              <value>
                <![CDATA["To validate Array"]]>
              </value>
            </param>
          </params>
          <reporter-output>
          </reporter-output>
        </test-method> <!-- runScenario -->
        <test-method signature="runScenario(io.cucumber.testng.PickleWrapper,io.cucumber.testng.FeatureWrapper)[pri:0, instance:ds.algo.testrunner.DSAlgoTestRunner@24959ca4]" started-at="2023-04-12T18:02:44 EDT" name="runScenario" description="Runs Cucumber Scenarios" data-provider="scenarios" finished-at="2023-04-12T18:02:44 EDT" duration-ms="178" status="PASS">
          <params>
            <param index="0">
              <value>
                <![CDATA["User navigates from home page to linkedlist page"]]>
              </value>
            </param>
            <param index="1">
              <value>
                <![CDATA["Validate Linkedlist"]]>
              </value>
            </param>
          </params>
          <reporter-output>
          </reporter-output>
        </test-method> <!-- runScenario -->
        <test-method signature="runScenario(io.cucumber.testng.PickleWrapper,io.cucumber.testng.FeatureWrapper)[pri:0, instance:ds.algo.testrunner.DSAlgoTestRunner@24959ca4]" started-at="2023-04-12T18:02:44 EDT" name="runScenario" description="Runs Cucumber Scenarios" data-provider="scenarios" finished-at="2023-04-12T18:02:45 EDT" duration-ms="752" status="PASS">
          <params>
            <param index="0">
              <value>
                <![CDATA["User navigates from linked list page to text editor page"]]>
              </value>
            </param>
            <param index="1">
              <value>
                <![CDATA["Validate Linkedlist"]]>
              </value>
            </param>
          </params>
          <reporter-output>
          </reporter-output>
        </test-method> <!-- runScenario -->
        <test-method signature="runScenario(io.cucumber.testng.PickleWrapper,io.cucumber.testng.FeatureWrapper)[pri:0, instance:ds.algo.testrunner.DSAlgoTestRunner@24959ca4]" started-at="2023-04-12T18:02:45 EDT" name="runScenario" description="Runs Cucumber Scenarios" data-provider="scenarios" finished-at="2023-04-12T18:02:45 EDT" duration-ms="793" status="PASS">
          <params>
            <param index="0">
              <value>
                <![CDATA["User navigates from Create linked list to text editor page"]]>
              </value>
            </param>
            <param index="1">
              <value>
                <![CDATA["Validate Linkedlist"]]>
              </value>
            </param>
          </params>
          <reporter-output>
          </reporter-output>
        </test-method> <!-- runScenario -->
        <test-method signature="runScenario(io.cucumber.testng.PickleWrapper,io.cucumber.testng.FeatureWrapper)[pri:0, instance:ds.algo.testrunner.DSAlgoTestRunner@24959ca4]" started-at="2023-04-12T18:02:45 EDT" name="runScenario" description="Runs Cucumber Scenarios" data-provider="scenarios" finished-at="2023-04-12T18:02:46 EDT" duration-ms="814" status="PASS">
          <params>
            <param index="0">
              <value>
                <![CDATA["User navigate from Types of linked List to text editor page"]]>
              </value>
            </param>
            <param index="1">
              <value>
                <![CDATA["Validate Linkedlist"]]>
              </value>
            </param>
          </params>
          <reporter-output>
          </reporter-output>
        </test-method> <!-- runScenario -->
        <test-method signature="runScenario(io.cucumber.testng.PickleWrapper,io.cucumber.testng.FeatureWrapper)[pri:0, instance:ds.algo.testrunner.DSAlgoTestRunner@24959ca4]" started-at="2023-04-12T18:02:46 EDT" name="runScenario" description="Runs Cucumber Scenarios" data-provider="scenarios" finished-at="2023-04-12T18:02:47 EDT" duration-ms="761" status="PASS">
          <params>
            <param index="0">
              <value>
                <![CDATA["User navigate from Implement Linked List in python to text editor"]]>
              </value>
            </param>
            <param index="1">
              <value>
                <![CDATA["Validate Linkedlist"]]>
              </value>
            </param>
          </params>
          <reporter-output>
          </reporter-output>
        </test-method> <!-- runScenario -->
        <test-method signature="runScenario(io.cucumber.testng.PickleWrapper,io.cucumber.testng.FeatureWrapper)[pri:0, instance:ds.algo.testrunner.DSAlgoTestRunner@24959ca4]" started-at="2023-04-12T18:02:47 EDT" name="runScenario" description="Runs Cucumber Scenarios" data-provider="scenarios" finished-at="2023-04-12T18:02:48 EDT" duration-ms="784" status="PASS">
          <params>
            <param index="0">
              <value>
                <![CDATA["User navigate from Traversal to text editor"]]>
              </value>
            </param>
            <param index="1">
              <value>
                <![CDATA["Validate Linkedlist"]]>
              </value>
            </param>
          </params>
          <reporter-output>
          </reporter-output>
        </test-method> <!-- runScenario -->
        <test-method signature="runScenario(io.cucumber.testng.PickleWrapper,io.cucumber.testng.FeatureWrapper)[pri:0, instance:ds.algo.testrunner.DSAlgoTestRunner@24959ca4]" started-at="2023-04-12T18:02:48 EDT" name="runScenario" description="Runs Cucumber Scenarios" data-provider="scenarios" finished-at="2023-04-12T18:02:49 EDT" duration-ms="827" status="PASS">
          <params>
            <param index="0">
              <value>
                <![CDATA["User navigate from Insertion to text editor"]]>
              </value>
            </param>
            <param index="1">
              <value>
                <![CDATA["Validate Linkedlist"]]>
              </value>
            </param>
          </params>
          <reporter-output>
          </reporter-output>
        </test-method> <!-- runScenario -->
        <test-method signature="runScenario(io.cucumber.testng.PickleWrapper,io.cucumber.testng.FeatureWrapper)[pri:0, instance:ds.algo.testrunner.DSAlgoTestRunner@24959ca4]" started-at="2023-04-12T18:02:49 EDT" name="runScenario" description="Runs Cucumber Scenarios" data-provider="scenarios" finished-at="2023-04-12T18:02:52 EDT" duration-ms="2988" status="PASS">
          <params>
            <param index="0">
              <value>
                <![CDATA["User navigate from Deletion to text editor page"]]>
              </value>
            </param>
            <param index="1">
              <value>
                <![CDATA["Validate Linkedlist"]]>
              </value>
            </param>
          </params>
          <reporter-output>
          </reporter-output>
        </test-method> <!-- runScenario -->
        <test-method signature="runScenario(io.cucumber.testng.PickleWrapper,io.cucumber.testng.FeatureWrapper)[pri:0, instance:ds.algo.testrunner.DSAlgoTestRunner@24959ca4]" started-at="2023-04-12T18:02:52 EDT" name="runScenario" description="Runs Cucumber Scenarios" data-provider="scenarios" finished-at="2023-04-12T18:02:52 EDT" duration-ms="162" status="PASS">
          <params>
            <param index="0">
              <value>
                <![CDATA["Validate user is navigated to the Stack Data Structure page"]]>
              </value>
            </param>
            <param index="1">
              <value>
                <![CDATA["Test the functionalites on Stack data structure page"]]>
              </value>
            </param>
          </params>
          <reporter-output>
          </reporter-output>
        </test-method> <!-- runScenario -->
        <test-method signature="runScenario(io.cucumber.testng.PickleWrapper,io.cucumber.testng.FeatureWrapper)[pri:0, instance:ds.algo.testrunner.DSAlgoTestRunner@24959ca4]" started-at="2023-04-12T18:02:52 EDT" name="runScenario" description="Runs Cucumber Scenarios" data-provider="scenarios" finished-at="2023-04-12T18:02:55 EDT" duration-ms="3091" status="PASS">
          <params>
            <param index="0">
              <value>
                <![CDATA["Validate the functionality of Operations in Stack page for invalid data"]]>
              </value>
            </param>
            <param index="1">
              <value>
                <![CDATA["Test the functionalites on Stack data structure page"]]>
              </value>
            </param>
          </params>
          <reporter-output>
          </reporter-output>
        </test-method> <!-- runScenario -->
        <test-method signature="runScenario(io.cucumber.testng.PickleWrapper,io.cucumber.testng.FeatureWrapper)[pri:0, instance:ds.algo.testrunner.DSAlgoTestRunner@24959ca4]" started-at="2023-04-12T18:02:55 EDT" name="runScenario" description="Runs Cucumber Scenarios" data-provider="scenarios" finished-at="2023-04-12T18:02:56 EDT" duration-ms="1480" status="PASS">
          <params>
            <param index="0">
              <value>
                <![CDATA["Validate the functionality of Operations in Stack page for valid data"]]>
              </value>
            </param>
            <param index="1">
              <value>
                <![CDATA["Test the functionalites on Stack data structure page"]]>
              </value>
            </param>
          </params>
          <reporter-output>
          </reporter-output>
        </test-method> <!-- runScenario -->
        <test-method signature="runScenario(io.cucumber.testng.PickleWrapper,io.cucumber.testng.FeatureWrapper)[pri:0, instance:ds.algo.testrunner.DSAlgoTestRunner@24959ca4]" started-at="2023-04-12T18:02:56 EDT" name="runScenario" description="Runs Cucumber Scenarios" data-provider="scenarios" finished-at="2023-04-12T18:03:00 EDT" duration-ms="3229" status="PASS">
          <params>
            <param index="0">
              <value>
                <![CDATA["Validate the functionality of Implementation page for invalid data"]]>
              </value>
            </param>
            <param index="1">
              <value>
                <![CDATA["Test the functionalites on Stack data structure page"]]>
              </value>
            </param>
          </params>
          <reporter-output>
          </reporter-output>
        </test-method> <!-- runScenario -->
        <test-method signature="runScenario(io.cucumber.testng.PickleWrapper,io.cucumber.testng.FeatureWrapper)[pri:0, instance:ds.algo.testrunner.DSAlgoTestRunner@24959ca4]" started-at="2023-04-12T18:03:00 EDT" name="runScenario" description="Runs Cucumber Scenarios" data-provider="scenarios" finished-at="2023-04-12T18:03:01 EDT" duration-ms="1452" status="PASS">
          <params>
            <param index="0">
              <value>
                <![CDATA["Validate the functionality of Implementation page for valid data"]]>
              </value>
            </param>
            <param index="1">
              <value>
                <![CDATA["Test the functionalites on Stack data structure page"]]>
              </value>
            </param>
          </params>
          <reporter-output>
          </reporter-output>
        </test-method> <!-- runScenario -->
        <test-method signature="runScenario(io.cucumber.testng.PickleWrapper,io.cucumber.testng.FeatureWrapper)[pri:0, instance:ds.algo.testrunner.DSAlgoTestRunner@24959ca4]" started-at="2023-04-12T18:03:01 EDT" name="runScenario" description="Runs Cucumber Scenarios" data-provider="scenarios" finished-at="2023-04-12T18:03:04 EDT" duration-ms="3091" status="PASS">
          <params>
            <param index="0">
              <value>
                <![CDATA["Validate the functionality of Applications page for invalid data"]]>
              </value>
            </param>
            <param index="1">
              <value>
                <![CDATA["Test the functionalites on Stack data structure page"]]>
              </value>
            </param>
          </params>
          <reporter-output>
          </reporter-output>
        </test-method> <!-- runScenario -->
        <test-method signature="runScenario(io.cucumber.testng.PickleWrapper,io.cucumber.testng.FeatureWrapper)[pri:0, instance:ds.algo.testrunner.DSAlgoTestRunner@24959ca4]" started-at="2023-04-12T18:03:04 EDT" name="runScenario" description="Runs Cucumber Scenarios" data-provider="scenarios" finished-at="2023-04-12T18:03:06 EDT" duration-ms="1565" status="PASS">
          <params>
            <param index="0">
              <value>
                <![CDATA["Validate the functionality of Applications page for valid data"]]>
              </value>
            </param>
            <param index="1">
              <value>
                <![CDATA["Test the functionalites on Stack data structure page"]]>
              </value>
            </param>
          </params>
          <reporter-output>
          </reporter-output>
        </test-method> <!-- runScenario -->
        <test-method signature="runScenario(io.cucumber.testng.PickleWrapper,io.cucumber.testng.FeatureWrapper)[pri:0, instance:ds.algo.testrunner.DSAlgoTestRunner@24959ca4]" started-at="2023-04-12T18:03:06 EDT" name="runScenario" description="Runs Cucumber Scenarios" data-provider="scenarios" finished-at="2023-04-12T18:03:06 EDT" duration-ms="163" status="PASS">
          <params>
            <param index="0">
              <value>
                <![CDATA["Validate user is navigated to the Queue Data Structure page"]]>
              </value>
            </param>
            <param index="1">
              <value>
                <![CDATA["Test the functionalites on Queue Data structure page"]]>
              </value>
            </param>
          </params>
          <reporter-output>
          </reporter-output>
        </test-method> <!-- runScenario -->
        <test-method signature="runScenario(io.cucumber.testng.PickleWrapper,io.cucumber.testng.FeatureWrapper)[pri:0, instance:ds.algo.testrunner.DSAlgoTestRunner@24959ca4]" started-at="2023-04-12T18:03:06 EDT" name="runScenario" description="Runs Cucumber Scenarios" data-provider="scenarios" finished-at="2023-04-12T18:03:09 EDT" duration-ms="3104" status="PASS">
          <params>
            <param index="0">
              <value>
                <![CDATA["Validate the functionality of Implementation of Queue in Python page for invalid data"]]>
              </value>
            </param>
            <param index="1">
              <value>
                <![CDATA["Test the functionalites on Queue Data structure page"]]>
              </value>
            </param>
          </params>
          <reporter-output>
          </reporter-output>
        </test-method> <!-- runScenario -->
        <test-method signature="runScenario(io.cucumber.testng.PickleWrapper,io.cucumber.testng.FeatureWrapper)[pri:0, instance:ds.algo.testrunner.DSAlgoTestRunner@24959ca4]" started-at="2023-04-12T18:03:09 EDT" name="runScenario" description="Runs Cucumber Scenarios" data-provider="scenarios" finished-at="2023-04-12T18:03:11 EDT" duration-ms="1467" status="PASS">
          <params>
            <param index="0">
              <value>
                <![CDATA["Validate the functionality of Implementation of Queue in Python page for valid data"]]>
              </value>
            </param>
            <param index="1">
              <value>
                <![CDATA["Test the functionalites on Queue Data structure page"]]>
              </value>
            </param>
          </params>
          <reporter-output>
          </reporter-output>
        </test-method> <!-- runScenario -->
        <test-method signature="runScenario(io.cucumber.testng.PickleWrapper,io.cucumber.testng.FeatureWrapper)[pri:0, instance:ds.algo.testrunner.DSAlgoTestRunner@24959ca4]" started-at="2023-04-12T18:03:11 EDT" name="runScenario" description="Runs Cucumber Scenarios" data-provider="scenarios" finished-at="2023-04-12T18:03:14 EDT" duration-ms="3073" status="PASS">
          <params>
            <param index="0">
              <value>
                <![CDATA["Validate the functionality of Implementation using collections.deque page for invalid data"]]>
              </value>
            </param>
            <param index="1">
              <value>
                <![CDATA["Test the functionalites on Queue Data structure page"]]>
              </value>
            </param>
          </params>
          <reporter-output>
          </reporter-output>
        </test-method> <!-- runScenario -->
        <test-method signature="runScenario(io.cucumber.testng.PickleWrapper,io.cucumber.testng.FeatureWrapper)[pri:0, instance:ds.algo.testrunner.DSAlgoTestRunner@24959ca4]" started-at="2023-04-12T18:03:14 EDT" name="runScenario" description="Runs Cucumber Scenarios" data-provider="scenarios" finished-at="2023-04-12T18:03:15 EDT" duration-ms="1481" status="PASS">
          <params>
            <param index="0">
              <value>
                <![CDATA["Validate the functionality of Implementation using collections.deque page for valid data"]]>
              </value>
            </param>
            <param index="1">
              <value>
                <![CDATA["Test the functionalites on Queue Data structure page"]]>
              </value>
            </param>
          </params>
          <reporter-output>
          </reporter-output>
        </test-method> <!-- runScenario -->
        <test-method signature="runScenario(io.cucumber.testng.PickleWrapper,io.cucumber.testng.FeatureWrapper)[pri:0, instance:ds.algo.testrunner.DSAlgoTestRunner@24959ca4]" started-at="2023-04-12T18:03:15 EDT" name="runScenario" description="Runs Cucumber Scenarios" data-provider="scenarios" finished-at="2023-04-12T18:03:18 EDT" duration-ms="3080" status="PASS">
          <params>
            <param index="0">
              <value>
                <![CDATA["Validate the functionality of Implementation using array page for invalid data"]]>
              </value>
            </param>
            <param index="1">
              <value>
                <![CDATA["Test the functionalites on Queue Data structure page"]]>
              </value>
            </param>
          </params>
          <reporter-output>
          </reporter-output>
        </test-method> <!-- runScenario -->
        <test-method signature="runScenario(io.cucumber.testng.PickleWrapper,io.cucumber.testng.FeatureWrapper)[pri:0, instance:ds.algo.testrunner.DSAlgoTestRunner@24959ca4]" started-at="2023-04-12T18:03:18 EDT" name="runScenario" description="Runs Cucumber Scenarios" data-provider="scenarios" finished-at="2023-04-12T18:03:20 EDT" duration-ms="1452" status="PASS">
          <params>
            <param index="0">
              <value>
                <![CDATA["Validate the functionality of Implementation using array page for valid data"]]>
              </value>
            </param>
            <param index="1">
              <value>
                <![CDATA["Test the functionalites on Queue Data structure page"]]>
              </value>
            </param>
          </params>
          <reporter-output>
          </reporter-output>
        </test-method> <!-- runScenario -->
        <test-method signature="runScenario(io.cucumber.testng.PickleWrapper,io.cucumber.testng.FeatureWrapper)[pri:0, instance:ds.algo.testrunner.DSAlgoTestRunner@24959ca4]" started-at="2023-04-12T18:03:20 EDT" name="runScenario" description="Runs Cucumber Scenarios" data-provider="scenarios" finished-at="2023-04-12T18:03:23 EDT" duration-ms="3096" status="PASS">
          <params>
            <param index="0">
              <value>
                <![CDATA["Validate the functionality of Queue Operations page for invalid data"]]>
              </value>
            </param>
            <param index="1">
              <value>
                <![CDATA["Test the functionalites on Queue Data structure page"]]>
              </value>
            </param>
          </params>
          <reporter-output>
          </reporter-output>
        </test-method> <!-- runScenario -->
        <test-method signature="runScenario(io.cucumber.testng.PickleWrapper,io.cucumber.testng.FeatureWrapper)[pri:0, instance:ds.algo.testrunner.DSAlgoTestRunner@24959ca4]" started-at="2023-04-12T18:03:23 EDT" name="runScenario" description="Runs Cucumber Scenarios" data-provider="scenarios" finished-at="2023-04-12T18:03:24 EDT" duration-ms="1480" status="PASS">
          <params>
            <param index="0">
              <value>
                <![CDATA["Validate the functionality of Queue Operations page for valid data"]]>
              </value>
            </param>
            <param index="1">
              <value>
                <![CDATA["Test the functionalites on Queue Data structure page"]]>
              </value>
            </param>
          </params>
          <reporter-output>
          </reporter-output>
        </test-method> <!-- runScenario -->
        <test-method signature="runScenario(io.cucumber.testng.PickleWrapper,io.cucumber.testng.FeatureWrapper)[pri:0, instance:ds.algo.testrunner.DSAlgoTestRunner@24959ca4]" started-at="2023-04-12T18:03:24 EDT" name="runScenario" description="Runs Cucumber Scenarios" data-provider="scenarios" finished-at="2023-04-12T18:03:24 EDT" duration-ms="269" status="PASS">
          <params>
            <param index="0">
              <value>
                <![CDATA["Validate user is able to navigate to home page using logo click"]]>
              </value>
            </param>
            <param index="1">
              <value>
                <![CDATA["Test the functionalites on Queue Data structure page"]]>
              </value>
            </param>
          </params>
          <reporter-output>
          </reporter-output>
        </test-method> <!-- runScenario -->
        <test-method signature="runScenario(io.cucumber.testng.PickleWrapper,io.cucumber.testng.FeatureWrapper)[pri:0, instance:ds.algo.testrunner.DSAlgoTestRunner@24959ca4]" started-at="2023-04-12T18:03:24 EDT" name="runScenario" description="Runs Cucumber Scenarios" data-provider="scenarios" finished-at="2023-04-12T18:03:25 EDT" duration-ms="544" status="PASS">
          <params>
            <param index="0">
              <value>
                <![CDATA["User is able to launch the Tree HomePage successfully when logged in"]]>
              </value>
            </param>
            <param index="1">
              <value>
                <![CDATA["Test Tree Page features"]]>
              </value>
            </param>
          </params>
          <reporter-output>
          </reporter-output>
        </test-method> <!-- runScenario -->
        <test-method signature="runScenario(io.cucumber.testng.PickleWrapper,io.cucumber.testng.FeatureWrapper)[pri:0, instance:ds.algo.testrunner.DSAlgoTestRunner@24959ca4]" started-at="2023-04-12T18:03:25 EDT" name="runScenario" description="Runs Cucumber Scenarios" data-provider="scenarios" finished-at="2023-04-12T18:03:28 EDT" duration-ms="3278" status="PASS">
          <params>
            <param index="0">
              <value>
                <![CDATA["User is able to navigate to Overview of Trees Page"]]>
              </value>
            </param>
            <param index="1">
              <value>
                <![CDATA["Test Tree Page features"]]>
              </value>
            </param>
          </params>
          <reporter-output>
          </reporter-output>
        </test-method> <!-- runScenario -->
        <test-method signature="runScenario(io.cucumber.testng.PickleWrapper,io.cucumber.testng.FeatureWrapper)[pri:0, instance:ds.algo.testrunner.DSAlgoTestRunner@24959ca4]" started-at="2023-04-12T18:03:28 EDT" name="runScenario" description="Runs Cucumber Scenarios" data-provider="scenarios" finished-at="2023-04-12T18:03:31 EDT" duration-ms="3131" status="PASS">
          <params>
            <param index="0">
              <value>
                <![CDATA["User is able to navigate to Terminologies Page"]]>
              </value>
            </param>
            <param index="1">
              <value>
                <![CDATA["Test Tree Page features"]]>
              </value>
            </param>
          </params>
          <reporter-output>
          </reporter-output>
        </test-method> <!-- runScenario -->
        <test-method signature="runScenario(io.cucumber.testng.PickleWrapper,io.cucumber.testng.FeatureWrapper)[pri:0, instance:ds.algo.testrunner.DSAlgoTestRunner@24959ca4]" started-at="2023-04-12T18:03:31 EDT" name="runScenario" description="Runs Cucumber Scenarios" data-provider="scenarios" finished-at="2023-04-12T18:03:35 EDT" duration-ms="3178" status="PASS">
          <params>
            <param index="0">
              <value>
                <![CDATA["User is able to navigate to Types of Trees Page"]]>
              </value>
            </param>
            <param index="1">
              <value>
                <![CDATA["Test Tree Page features"]]>
              </value>
            </param>
          </params>
          <reporter-output>
          </reporter-output>
        </test-method> <!-- runScenario -->
        <test-method signature="runScenario(io.cucumber.testng.PickleWrapper,io.cucumber.testng.FeatureWrapper)[pri:0, instance:ds.algo.testrunner.DSAlgoTestRunner@24959ca4]" started-at="2023-04-12T18:03:35 EDT" name="runScenario" description="Runs Cucumber Scenarios" data-provider="scenarios" finished-at="2023-04-12T18:03:38 EDT" duration-ms="3135" status="PASS">
          <params>
            <param index="0">
              <value>
                <![CDATA["User is able to navigate to Tree Traversals Page"]]>
              </value>
            </param>
            <param index="1">
              <value>
                <![CDATA["Test Tree Page features"]]>
              </value>
            </param>
          </params>
          <reporter-output>
          </reporter-output>
        </test-method> <!-- runScenario -->
        <test-method signature="runScenario(io.cucumber.testng.PickleWrapper,io.cucumber.testng.FeatureWrapper)[pri:0, instance:ds.algo.testrunner.DSAlgoTestRunner@24959ca4]" started-at="2023-04-12T18:03:38 EDT" name="runScenario" description="Runs Cucumber Scenarios" data-provider="scenarios" finished-at="2023-04-12T18:03:41 EDT" duration-ms="3135" status="PASS">
          <params>
            <param index="0">
              <value>
                <![CDATA["User is able to navigate to Traversals-Illustration Page"]]>
              </value>
            </param>
            <param index="1">
              <value>
                <![CDATA["Test Tree Page features"]]>
              </value>
            </param>
          </params>
          <reporter-output>
          </reporter-output>
        </test-method> <!-- runScenario -->
        <test-method signature="runScenario(io.cucumber.testng.PickleWrapper,io.cucumber.testng.FeatureWrapper)[pri:0, instance:ds.algo.testrunner.DSAlgoTestRunner@24959ca4]" started-at="2023-04-12T18:03:41 EDT" name="runScenario" description="Runs Cucumber Scenarios" data-provider="scenarios" finished-at="2023-04-12T18:03:44 EDT" duration-ms="3081" status="PASS">
          <params>
            <param index="0">
              <value>
                <![CDATA["User is able to navigate to Binary Trees Page"]]>
              </value>
            </param>
            <param index="1">
              <value>
                <![CDATA["Test Tree Page features"]]>
              </value>
            </param>
          </params>
          <reporter-output>
          </reporter-output>
        </test-method> <!-- runScenario -->
        <test-method signature="runScenario(io.cucumber.testng.PickleWrapper,io.cucumber.testng.FeatureWrapper)[pri:0, instance:ds.algo.testrunner.DSAlgoTestRunner@24959ca4]" started-at="2023-04-12T18:03:44 EDT" name="runScenario" description="Runs Cucumber Scenarios" data-provider="scenarios" finished-at="2023-04-12T18:03:47 EDT" duration-ms="3178" status="PASS">
          <params>
            <param index="0">
              <value>
                <![CDATA["User is able to navigate to Types of Binary Trees Page"]]>
              </value>
            </param>
            <param index="1">
              <value>
                <![CDATA["Test Tree Page features"]]>
              </value>
            </param>
          </params>
          <reporter-output>
          </reporter-output>
        </test-method> <!-- runScenario -->
        <test-method signature="runScenario(io.cucumber.testng.PickleWrapper,io.cucumber.testng.FeatureWrapper)[pri:0, instance:ds.algo.testrunner.DSAlgoTestRunner@24959ca4]" started-at="2023-04-12T18:03:47 EDT" name="runScenario" description="Runs Cucumber Scenarios" data-provider="scenarios" finished-at="2023-04-12T18:03:50 EDT" duration-ms="3079" status="PASS">
          <params>
            <param index="0">
              <value>
                <![CDATA["User is able to navigate to Implementation in Python Page"]]>
              </value>
            </param>
            <param index="1">
              <value>
                <![CDATA["Test Tree Page features"]]>
              </value>
            </param>
          </params>
          <reporter-output>
          </reporter-output>
        </test-method> <!-- runScenario -->
        <test-method signature="runScenario(io.cucumber.testng.PickleWrapper,io.cucumber.testng.FeatureWrapper)[pri:0, instance:ds.algo.testrunner.DSAlgoTestRunner@24959ca4]" started-at="2023-04-12T18:03:50 EDT" name="runScenario" description="Runs Cucumber Scenarios" data-provider="scenarios" finished-at="2023-04-12T18:03:53 EDT" duration-ms="3140" status="PASS">
          <params>
            <param index="0">
              <value>
                <![CDATA["User is able to navigate to Binary Tree Traversals Page"]]>
              </value>
            </param>
            <param index="1">
              <value>
                <![CDATA["Test Tree Page features"]]>
              </value>
            </param>
          </params>
          <reporter-output>
          </reporter-output>
        </test-method> <!-- runScenario -->
        <test-method signature="runScenario(io.cucumber.testng.PickleWrapper,io.cucumber.testng.FeatureWrapper)[pri:0, instance:ds.algo.testrunner.DSAlgoTestRunner@24959ca4]" started-at="2023-04-12T18:03:53 EDT" name="runScenario" description="Runs Cucumber Scenarios" data-provider="scenarios" finished-at="2023-04-12T18:03:56 EDT" duration-ms="3104" status="PASS">
          <params>
            <param index="0">
              <value>
                <![CDATA["User is able to navigate to Implementation of Binary Trees Page"]]>
              </value>
            </param>
            <param index="1">
              <value>
                <![CDATA["Test Tree Page features"]]>
              </value>
            </param>
          </params>
          <reporter-output>
          </reporter-output>
        </test-method> <!-- runScenario -->
        <test-method signature="runScenario(io.cucumber.testng.PickleWrapper,io.cucumber.testng.FeatureWrapper)[pri:0, instance:ds.algo.testrunner.DSAlgoTestRunner@24959ca4]" started-at="2023-04-12T18:03:56 EDT" name="runScenario" description="Runs Cucumber Scenarios" data-provider="scenarios" finished-at="2023-04-12T18:04:00 EDT" duration-ms="3121" status="PASS">
          <params>
            <param index="0">
              <value>
                <![CDATA["User is able to navigate to Applications of Binary trees Page"]]>
              </value>
            </param>
            <param index="1">
              <value>
                <![CDATA["Test Tree Page features"]]>
              </value>
            </param>
          </params>
          <reporter-output>
          </reporter-output>
        </test-method> <!-- runScenario -->
        <test-method signature="runScenario(io.cucumber.testng.PickleWrapper,io.cucumber.testng.FeatureWrapper)[pri:0, instance:ds.algo.testrunner.DSAlgoTestRunner@24959ca4]" started-at="2023-04-12T18:04:00 EDT" name="runScenario" description="Runs Cucumber Scenarios" data-provider="scenarios" finished-at="2023-04-12T18:04:03 EDT" duration-ms="3403" status="PASS">
          <params>
            <param index="0">
              <value>
                <![CDATA["User is able to navigate to Binary Search TreesPage"]]>
              </value>
            </param>
            <param index="1">
              <value>
                <![CDATA["Test Tree Page features"]]>
              </value>
            </param>
          </params>
          <reporter-output>
          </reporter-output>
        </test-method> <!-- runScenario -->
        <test-method signature="runScenario(io.cucumber.testng.PickleWrapper,io.cucumber.testng.FeatureWrapper)[pri:0, instance:ds.algo.testrunner.DSAlgoTestRunner@24959ca4]" started-at="2023-04-12T18:04:03 EDT" name="runScenario" description="Runs Cucumber Scenarios" data-provider="scenarios" finished-at="2023-04-12T18:04:06 EDT" duration-ms="3177" status="PASS">
          <params>
            <param index="0">
              <value>
                <![CDATA["User is able to navigate to Implementation Of BST Page"]]>
              </value>
            </param>
            <param index="1">
              <value>
                <![CDATA["Test Tree Page features"]]>
              </value>
            </param>
          </params>
          <reporter-output>
          </reporter-output>
        </test-method> <!-- runScenario -->
        <test-method signature="runScenario(io.cucumber.testng.PickleWrapper,io.cucumber.testng.FeatureWrapper)[pri:0, instance:ds.algo.testrunner.DSAlgoTestRunner@24959ca4]" started-at="2023-04-12T18:04:06 EDT" name="runScenario" description="Runs Cucumber Scenarios" data-provider="scenarios" finished-at="2023-04-12T18:04:10 EDT" duration-ms="3560" status="PASS">
          <params>
            <param index="0">
              <value>
                <![CDATA["User is able to run invalid code in tryEditor with error message"]]>
              </value>
            </param>
            <param index="1">
              <value>
                <![CDATA["Test Tree Page features"]]>
              </value>
            </param>
          </params>
          <reporter-output>
          </reporter-output>
        </test-method> <!-- runScenario -->
        <test-method signature="runScenario(io.cucumber.testng.PickleWrapper,io.cucumber.testng.FeatureWrapper)[pri:0, instance:ds.algo.testrunner.DSAlgoTestRunner@24959ca4]" started-at="2023-04-12T18:04:10 EDT" name="runScenario" description="Runs Cucumber Scenarios" data-provider="scenarios" finished-at="2023-04-12T18:04:10 EDT" duration-ms="141" status="PASS">
          <params>
            <param index="0">
              <value>
                <![CDATA["User navigate to Graph page from home page"]]>
              </value>
            </param>
            <param index="1">
              <value>
                <![CDATA["Validate Graph"]]>
              </value>
            </param>
          </params>
          <reporter-output>
          </reporter-output>
        </test-method> <!-- runScenario -->
        <test-method signature="runScenario(io.cucumber.testng.PickleWrapper,io.cucumber.testng.FeatureWrapper)[pri:0, instance:ds.algo.testrunner.DSAlgoTestRunner@24959ca4]" started-at="2023-04-12T18:04:10 EDT" name="runScenario" description="Runs Cucumber Scenarios" data-provider="scenarios" finished-at="2023-04-12T18:04:11 EDT" duration-ms="719" status="PASS">
          <params>
            <param index="0">
              <value>
                <![CDATA["User navigate from Graph page to text editor"]]>
              </value>
            </param>
            <param index="1">
              <value>
                <![CDATA["Validate Graph"]]>
              </value>
            </param>
          </params>
          <reporter-output>
          </reporter-output>
        </test-method> <!-- runScenario -->
        <test-method signature="runScenario(io.cucumber.testng.PickleWrapper,io.cucumber.testng.FeatureWrapper)[pri:0, instance:ds.algo.testrunner.DSAlgoTestRunner@24959ca4]" started-at="2023-04-12T18:04:11 EDT" name="runScenario" description="Runs Cucumber Scenarios" data-provider="scenarios" finished-at="2023-04-12T18:04:13 EDT" duration-ms="1925" status="FAIL">
          <params>
            <param index="0">
              <value>
                <![CDATA["User navigate from Graph Representations to text editor with invalid code"]]>
              </value>
            </param>
            <param index="1">
              <value>
                <![CDATA["Validate Graph"]]>
              </value>
            </param>
          </params>
          <exception class="org.openqa.selenium.NoAlertPresentException">
            <message>
              <![CDATA[Build info: version: '4.8.3', revision: 'e5e76298c3'
System info: os.name: 'Windows 11', os.arch: 'amd64', os.version: '10.0', java.version: '17.0.6'
Driver info: org.openqa.selenium.firefox.FirefoxDriver
Command: [027b2ebd-938f-4ebf-9dd8-c34706c2e91c, getAlertText {}]
Capabilities {acceptInsecureCerts: true, browserName: firefox, browserVersion: 112.0, moz:accessibilityChecks: false, moz:buildID: 20230406114409, moz:debuggerAddress: 127.0.0.1:34072, moz:geckodriverVersion: 0.33.0, moz:headless: false, moz:platformVersion: 10.0, moz:processID: 21636, moz:profile: C:\Users\aishw\AppData\Loca..., moz:shutdownTimeout: 60000, moz:useNonSpecCompliantPointerOrigin: false, moz:webdriverClick: true, moz:windowless: false, pageLoadStrategy: normal, platformName: WINDOWS, proxy: Proxy(), se:cdp: ws://127.0.0.1:34072/devtoo..., se:cdpVersion: 85.0, setWindowRect: true, strictFileInteractability: false, timeouts: {implicit: 0, pageLoad: 300000, script: 30000}, unhandledPromptBehavior: dismiss and notify}
Session ID: 027b2ebd-938f-4ebf-9dd8-c34706c2e91c]]>
            </message>
            <full-stacktrace>
              <![CDATA[org.openqa.selenium.NoAlertPresentException: Build info: version: '4.8.3', revision: 'e5e76298c3'
System info: os.name: 'Windows 11', os.arch: 'amd64', os.version: '10.0', java.version: '17.0.6'
Driver info: org.openqa.selenium.firefox.FirefoxDriver
Command: [027b2ebd-938f-4ebf-9dd8-c34706c2e91c, getAlertText {}]
Capabilities {acceptInsecureCerts: true, browserName: firefox, browserVersion: 112.0, moz:accessibilityChecks: false, moz:buildID: 20230406114409, moz:debuggerAddress: 127.0.0.1:34072, moz:geckodriverVersion: 0.33.0, moz:headless: false, moz:platformVersion: 10.0, moz:processID: 21636, moz:profile: C:\Users\aishw\AppData\Loca..., moz:shutdownTimeout: 60000, moz:useNonSpecCompliantPointerOrigin: false, moz:webdriverClick: true, moz:windowless: false, pageLoadStrategy: normal, platformName: WINDOWS, proxy: Proxy(), se:cdp: ws://127.0.0.1:34072/devtoo..., se:cdpVersion: 85.0, setWindowRect: true, strictFileInteractability: false, timeouts: {implicit: 0, pageLoad: 300000, script: 30000}, unhandledPromptBehavior: dismiss and notify}
Session ID: 027b2ebd-938f-4ebf-9dd8-c34706c2e91c
at java.base/jdk.internal.reflect.NativeConstructorAccessorImpl.newInstance0(Native Method)
at java.base/jdk.internal.reflect.NativeConstructorAccessorImpl.newInstance(NativeConstructorAccessorImpl.java:77)
at java.base/jdk.internal.reflect.DelegatingConstructorAccessorImpl.newInstance(DelegatingConstructorAccessorImpl.java:45)
at java.base/java.lang.reflect.Constructor.newInstanceWithCaller(Constructor.java:499)
at java.base/java.lang.reflect.Constructor.newInstance(Constructor.java:480)
at org.openqa.selenium.remote.codec.w3c.W3CHttpResponseCodec.createException(W3CHttpResponseCodec.java:200)
at org.openqa.selenium.remote.codec.w3c.W3CHttpResponseCodec.decode(W3CHttpResponseCodec.java:133)
at org.openqa.selenium.remote.codec.w3c.W3CHttpResponseCodec.decode(W3CHttpResponseCodec.java:53)
at org.openqa.selenium.remote.HttpCommandExecutor.execute(HttpCommandExecutor.java:193)
at org.openqa.selenium.remote.service.DriverCommandExecutor.invokeExecute(DriverCommandExecutor.java:183)
at org.openqa.selenium.remote.service.DriverCommandExecutor.execute(DriverCommandExecutor.java:158)
at org.openqa.selenium.remote.RemoteWebDriver.execute(RemoteWebDriver.java:543)
at org.openqa.selenium.remote.RemoteWebDriver.execute(RemoteWebDriver.java:598)
at org.openqa.selenium.remote.RemoteWebDriver.execute(RemoteWebDriver.java:602)
at org.openqa.selenium.remote.RemoteWebDriver$RemoteTargetLocator.alert(RemoteWebDriver.java:1079)
at ds.algo.commmon.AlertHandle.alerthandle(AlertHandle.java:8)
at ds.algo.stepdef.GraphPageStepDefinition.user_should_handle_the_alert_presented_with_run_result(GraphPageStepDefinition.java:79)
at ✽.User  should handle the alert presented with Run result(file:///C:/Users/aishw/eclipse-workspace/DSAlgoNew/src/test/resources/features/graph.feature:21)
]]>
            </full-stacktrace>
          </exception> <!-- org.openqa.selenium.NoAlertPresentException -->
          <reporter-output>
          </reporter-output>
        </test-method> <!-- runScenario -->
        <test-method signature="runScenario(io.cucumber.testng.PickleWrapper,io.cucumber.testng.FeatureWrapper)[pri:0, instance:ds.algo.testrunner.DSAlgoTestRunner@24959ca4]" started-at="2023-04-12T18:04:13 EDT" name="runScenario" description="Runs Cucumber Scenarios" data-provider="scenarios" finished-at="2023-04-12T18:04:15 EDT" duration-ms="2451" status="PASS">
          <params>
            <param index="0">
              <value>
                <![CDATA["User navigate from Graph Representations to text editor"]]>
              </value>
            </param>
            <param index="1">
              <value>
                <![CDATA["Validate Graph"]]>
              </value>
            </param>
          </params>
          <reporter-output>
          </reporter-output>
        </test-method> <!-- runScenario -->
        <test-method is-config="true" signature="tearDownClass()[pri:0, instance:ds.algo.testrunner.DSAlgoTestRunner@24959ca4]" started-at="2023-04-12T18:04:15 EDT" name="tearDownClass" finished-at="2023-04-12T18:04:19 EDT" duration-ms="3751" status="PASS">
          <reporter-output>
          </reporter-output>
        </test-method> <!-- tearDownClass -->
      </class> <!-- ds.algo.testrunner.DSAlgoTestRunner -->
    </test> <!-- Default test -->
  </suite> <!-- Default suite -->
</testng-results>
